c:\users\filse\source\repos\shader_learn\shader_learn\debug\vc143.pdb
c:\users\filse\source\repos\shader_learn\shader_learn\debug\vc143.idb
c:\users\filse\source\repos\shader_learn\shader_learn\debug\main.obj
c:\users\filse\source\repos\shader_learn\shader_learn\debug\triangle.obj
c:\users\filse\source\repos\shader_learn\shader_learn\debug\scene.obj
c:\users\filse\source\repos\shader_learn\shader_learn\debug\shaders.obj
c:\users\filse\source\repos\shader_learn\debug\shader_learn.exe
c:\users\filse\source\repos\shader_learn\debug\shader_learn.pdb
c:\users\filse\source\repos\shader_learn\shader_learn\debug\shader_learn.ilk
c:\users\filse\source\repos\shader_learn\shader_learn\debug\scene.obj.enc
c:\users\filse\source\repos\shader_learn\shader_learn\debug\shaders.obj.enc
c:\users\filse\source\repos\shader_learn\debug\shader_learn.exe.lastcodeanalysissucceeded
c:\users\filse\source\repos\shader_learn\shader_learn\debug\shader_learn.tlog\cl.command.1.tlog
c:\users\filse\source\repos\shader_learn\shader_learn\debug\shader_learn.tlog\cl.items.tlog
c:\users\filse\source\repos\shader_learn\shader_learn\debug\shader_learn.tlog\cl.read.1.tlog
c:\users\filse\source\repos\shader_learn\shader_learn\debug\shader_learn.tlog\cl.write.1.tlog
c:\users\filse\source\repos\shader_learn\shader_learn\debug\shader_learn.tlog\link.command.1.tlog
c:\users\filse\source\repos\shader_learn\shader_learn\debug\shader_learn.tlog\link.read.1.tlog
c:\users\filse\source\repos\shader_learn\shader_learn\debug\shader_learn.tlog\link.secondary.1.tlog
c:\users\filse\source\repos\shader_learn\shader_learn\debug\shader_learn.tlog\link.write.1.tlog
